[ 2012-11-28T09:47:32+08:00 ] 127.0.0.1 /google/
INFO: [ app_begin ] --START--
INFO: Run ReadHtmlCache Behavior [ RunTime:0.025034s ]
INFO: [ app_begin ] --END-- [ RunTime:0.070637s ]
INFO: [ view_template ] --START--
INFO: Run LocationTemplate Behavior [ RunTime:0.020191s ]
INFO: [ view_template ] --END-- [ RunTime:0.020318s ]
INFO: [ view_parse ] --START--
INFO: Run ParseTemplate Behavior [ RunTime:0.153030s ]
INFO: [ view_parse ] --END-- [ RunTime:0.153156s ]
INFO: [ view_filter ] --START--
INFO: Run ContentReplace Behavior [ RunTime:0.022143s ]
INFO: Run TokenBuild Behavior [ RunTime:0.047284s ]
INFO: Run WriteHtmlCache Behavior [ RunTime:0.038349s ]
INFO: Run ShowRuntime Behavior [ RunTime:0.029699s ]
INFO: [ view_filter ] --END-- [ RunTime:0.137775s ]
INFO: [ view_end ] --START--
INFO: Run ShowPageTrace Behavior [ RunTime:0.051998s ]
INFO: [ view_end ] --END-- [ RunTime:0.052103s ]

[ 2012-11-28T09:55:14+08:00 ] 127.0.0.1 /google/
INFO: [ app_begin ] --START--
INFO: Run ReadHtmlCache Behavior [ RunTime:0.001600s ]
INFO: [ app_begin ] --END-- [ RunTime:0.001717s ]
INFO: [ view_template ] --START--
INFO: Run LocationTemplate Behavior [ RunTime:0.002599s ]
INFO: [ view_template ] --END-- [ RunTime:0.002707s ]
INFO: [ view_parse ] --START--
INFO: Run ParseTemplate Behavior [ RunTime:0.039738s ]
INFO: [ view_parse ] --END-- [ RunTime:0.039852s ]
INFO: [ view_filter ] --START--
INFO: Run ContentReplace Behavior [ RunTime:0.004284s ]
INFO: Run TokenBuild Behavior [ RunTime:0.001340s ]
INFO: Run WriteHtmlCache Behavior [ RunTime:0.001672s ]
INFO: Run ShowRuntime Behavior [ RunTime:0.001563s ]
INFO: [ view_filter ] --END-- [ RunTime:0.009543s ]
INFO: [ view_end ] --START--
INFO: Run ShowPageTrace Behavior [ RunTime:0.001665s ]
INFO: [ view_end ] --END-- [ RunTime:0.001745s ]

[ 2012-11-28T09:55:27+08:00 ] 127.0.0.1 /google/
INFO: [ app_begin ] --START--
INFO: Run ReadHtmlCache Behavior [ RunTime:0.000795s ]
INFO: [ app_begin ] --END-- [ RunTime:0.000915s ]
INFO: [ view_template ] --START--
INFO: Run LocationTemplate Behavior [ RunTime:0.000499s ]
INFO: [ view_template ] --END-- [ RunTime:0.000588s ]
INFO: [ view_parse ] --START--
INFO: Run ParseTemplate Behavior [ RunTime:0.013226s ]
INFO: [ view_parse ] --END-- [ RunTime:0.013340s ]
INFO: [ view_filter ] --START--
INFO: Run ContentReplace Behavior [ RunTime:0.000482s ]
INFO: Run TokenBuild Behavior [ RunTime:0.000485s ]
INFO: Run WriteHtmlCache Behavior [ RunTime:0.000324s ]
INFO: Run ShowRuntime Behavior [ RunTime:0.000600s ]
INFO: [ view_filter ] --END-- [ RunTime:0.002098s ]
INFO: [ view_end ] --START--
INFO: Run ShowPageTrace Behavior [ RunTime:0.000829s ]
INFO: [ view_end ] --END-- [ RunTime:0.000907s ]

[ 2012-11-28T09:55:28+08:00 ] 127.0.0.1 /google/
INFO: [ app_begin ] --START--
INFO: Run ReadHtmlCache Behavior [ RunTime:0.000984s ]
INFO: [ app_begin ] --END-- [ RunTime:0.001099s ]
INFO: [ view_template ] --START--
INFO: Run LocationTemplate Behavior [ RunTime:0.000501s ]
INFO: [ view_template ] --END-- [ RunTime:0.000589s ]
INFO: [ view_parse ] --START--
INFO: Run ParseTemplate Behavior [ RunTime:0.011203s ]
INFO: [ view_parse ] --END-- [ RunTime:0.011316s ]
INFO: [ view_filter ] --START--
INFO: Run ContentReplace Behavior [ RunTime:0.000476s ]
INFO: Run TokenBuild Behavior [ RunTime:0.000477s ]
INFO: Run WriteHtmlCache Behavior [ RunTime:0.000320s ]
INFO: Run ShowRuntime Behavior [ RunTime:0.000609s ]
INFO: [ view_filter ] --END-- [ RunTime:0.002129s ]
INFO: [ view_end ] --START--
INFO: Run ShowPageTrace Behavior [ RunTime:0.000865s ]
INFO: [ view_end ] --END-- [ RunTime:0.000943s ]

[ 2012-11-28T09:55:30+08:00 ] 127.0.0.1 /google/
INFO: [ app_begin ] --START--
INFO: Run ReadHtmlCache Behavior [ RunTime:0.000782s ]
INFO: [ app_begin ] --END-- [ RunTime:0.000892s ]
INFO: [ view_template ] --START--
INFO: Run LocationTemplate Behavior [ RunTime:0.000533s ]
INFO: [ view_template ] --END-- [ RunTime:0.000728s ]
INFO: [ view_parse ] --START--
INFO: Run ParseTemplate Behavior [ RunTime:0.014888s ]
INFO: [ view_parse ] --END-- [ RunTime:0.015002s ]
INFO: [ view_filter ] --START--
INFO: Run ContentReplace Behavior [ RunTime:0.000479s ]
INFO: Run TokenBuild Behavior [ RunTime:0.000476s ]
INFO: Run WriteHtmlCache Behavior [ RunTime:0.000495s ]
INFO: Run ShowRuntime Behavior [ RunTime:0.000796s ]
INFO: [ view_filter ] --END-- [ RunTime:0.002460s ]
INFO: [ view_end ] --START--
INFO: Run ShowPageTrace Behavior [ RunTime:0.000857s ]
INFO: [ view_end ] --END-- [ RunTime:0.000935s ]

[ 2012-11-28T09:56:51+08:00 ] 127.0.0.1 /google/
INFO: [ app_begin ] --START--
INFO: Run ReadHtmlCache Behavior [ RunTime:0.001866s ]
INFO: [ app_begin ] --END-- [ RunTime:0.001996s ]
INFO: [ view_template ] --START--
INFO: Run LocationTemplate Behavior [ RunTime:0.002823s ]
INFO: [ view_template ] --END-- [ RunTime:0.002927s ]
INFO: [ view_parse ] --START--
INFO: Run ParseTemplate Behavior [ RunTime:0.028701s ]
INFO: [ view_parse ] --END-- [ RunTime:0.028811s ]
INFO: [ view_filter ] --START--
INFO: Run ContentReplace Behavior [ RunTime:0.001371s ]
INFO: Run TokenBuild Behavior [ RunTime:0.001335s ]
INFO: Run WriteHtmlCache Behavior [ RunTime:0.001185s ]
INFO: Run ShowRuntime Behavior [ RunTime:0.002223s ]
INFO: [ view_filter ] --END-- [ RunTime:0.006343s ]
INFO: [ view_end ] --START--
INFO: Run ShowPageTrace Behavior [ RunTime:0.001684s ]
INFO: [ view_end ] --END-- [ RunTime:0.001765s ]

[ 2012-11-28T09:57:38+08:00 ] 127.0.0.1 /google/
INFO: [ app_begin ] --START--
INFO: Run ReadHtmlCache Behavior [ RunTime:0.000766s ]
INFO: [ app_begin ] --END-- [ RunTime:0.000880s ]
INFO: [ view_template ] --START--
INFO: Run LocationTemplate Behavior [ RunTime:0.000531s ]
INFO: [ view_template ] --END-- [ RunTime:0.000628s ]
INFO: [ view_parse ] --START--
INFO: Run ParseTemplate Behavior [ RunTime:0.010856s ]
INFO: [ view_parse ] --END-- [ RunTime:0.010967s ]
INFO: [ view_filter ] --START--
INFO: Run ContentReplace Behavior [ RunTime:0.000470s ]
INFO: Run TokenBuild Behavior [ RunTime:0.000477s ]
INFO: Run WriteHtmlCache Behavior [ RunTime:0.000322s ]
INFO: Run ShowRuntime Behavior [ RunTime:0.000632s ]
INFO: [ view_filter ] --END-- [ RunTime:0.002108s ]
INFO: [ view_end ] --START--
INFO: Run ShowPageTrace Behavior [ RunTime:0.001194s ]
INFO: [ view_end ] --END-- [ RunTime:0.001273s ]

[ 2012-11-28T09:59:34+08:00 ] 127.0.0.1 /google/
INFO: [ app_begin ] --START--
INFO: Run ReadHtmlCache Behavior [ RunTime:0.001608s ]
INFO: [ app_begin ] --END-- [ RunTime:0.001750s ]
INFO: [ view_template ] --START--
INFO: Run LocationTemplate Behavior [ RunTime:0.002247s ]
INFO: [ view_template ] --END-- [ RunTime:0.002349s ]
INFO: [ view_parse ] --START--
INFO: Run ParseTemplate Behavior [ RunTime:0.026568s ]
INFO: [ view_parse ] --END-- [ RunTime:0.026680s ]
INFO: [ view_filter ] --START--
INFO: Run ContentReplace Behavior [ RunTime:0.001788s ]
INFO: Run TokenBuild Behavior [ RunTime:0.001318s ]
INFO: Run WriteHtmlCache Behavior [ RunTime:0.001327s ]
INFO: Run ShowRuntime Behavior [ RunTime:0.001452s ]
INFO: [ view_filter ] --END-- [ RunTime:0.006109s ]
INFO: [ view_end ] --START--
INFO: Run ShowPageTrace Behavior [ RunTime:0.001699s ]
INFO: [ view_end ] --END-- [ RunTime:0.001780s ]

[ 2012-11-28T10:02:08+08:00 ] 127.0.0.1 /google/
INFO: [ app_begin ] --START--
INFO: Run ReadHtmlCache Behavior [ RunTime:0.001648s ]
INFO: [ app_begin ] --END-- [ RunTime:0.001765s ]
INFO: [ view_template ] --START--
INFO: Run LocationTemplate Behavior [ RunTime:0.002734s ]
INFO: [ view_template ] --END-- [ RunTime:0.002857s ]
INFO: [ view_parse ] --START--
INFO: Run ParseTemplate Behavior [ RunTime:0.014809s ]
INFO: [ view_parse ] --END-- [ RunTime:0.014973s ]
INFO: [ view_filter ] --START--
INFO: Run ContentReplace Behavior [ RunTime:0.001329s ]
INFO: Run TokenBuild Behavior [ RunTime:0.001344s ]
INFO: Run WriteHtmlCache Behavior [ RunTime:0.002072s ]
INFO: Run ShowRuntime Behavior [ RunTime:0.001443s ]
INFO: [ view_filter ] --END-- [ RunTime:0.006421s ]
INFO: [ view_end ] --START--
INFO: Run ShowPageTrace Behavior [ RunTime:0.001696s ]
INFO: [ view_end ] --END-- [ RunTime:0.001776s ]

[ 2012-11-28T10:02:32+08:00 ] 127.0.0.1 /google/
INFO: [ app_begin ] --START--
INFO: Run ReadHtmlCache Behavior [ RunTime:0.000841s ]
INFO: [ app_begin ] --END-- [ RunTime:0.000973s ]
INFO: [ view_template ] --START--
INFO: Run LocationTemplate Behavior [ RunTime:0.000502s ]
INFO: [ view_template ] --END-- [ RunTime:0.000593s ]
INFO: [ view_parse ] --START--
INFO: Run ParseTemplate Behavior [ RunTime:0.012603s ]
INFO: [ view_parse ] --END-- [ RunTime:0.012719s ]
INFO: [ view_filter ] --START--
INFO: Run ContentReplace Behavior [ RunTime:0.000502s ]
INFO: Run TokenBuild Behavior [ RunTime:0.000475s ]
INFO: Run WriteHtmlCache Behavior [ RunTime:0.000357s ]
INFO: Run ShowRuntime Behavior [ RunTime:0.000601s ]
INFO: [ view_filter ] --END-- [ RunTime:0.002144s ]
INFO: [ view_end ] --START--
INFO: Run ShowPageTrace Behavior [ RunTime:0.000859s ]
INFO: [ view_end ] --END-- [ RunTime:0.000938s ]

[ 2012-11-28T10:03:02+08:00 ] 127.0.0.1 /google/
INFO: [ app_begin ] --START--
INFO: Run ReadHtmlCache Behavior [ RunTime:0.000768s ]
INFO: [ app_begin ] --END-- [ RunTime:0.000874s ]
INFO: [ view_template ] --START--
INFO: Run LocationTemplate Behavior [ RunTime:0.000517s ]
INFO: [ view_template ] --END-- [ RunTime:0.000607s ]
INFO: [ view_parse ] --START--
INFO: Run ParseTemplate Behavior [ RunTime:0.009878s ]
INFO: [ view_parse ] --END-- [ RunTime:0.009986s ]
INFO: [ view_filter ] --START--
INFO: Run ContentReplace Behavior [ RunTime:0.000467s ]
INFO: Run TokenBuild Behavior [ RunTime:0.002264s ]
INFO: Run WriteHtmlCache Behavior [ RunTime:0.000342s ]
INFO: Run ShowRuntime Behavior [ RunTime:0.000607s ]
INFO: [ view_filter ] --END-- [ RunTime:0.003908s ]
INFO: [ view_end ] --START--
INFO: Run ShowPageTrace Behavior [ RunTime:0.000814s ]
INFO: [ view_end ] --END-- [ RunTime:0.000891s ]

[ 2012-11-28T10:03:39+08:00 ] 127.0.0.1 /google/
INFO: [ app_begin ] --START--
INFO: Run ReadHtmlCache Behavior [ RunTime:0.001573s ]
INFO: [ app_begin ] --END-- [ RunTime:0.001693s ]
INFO: [ view_template ] --START--
INFO: Run LocationTemplate Behavior [ RunTime:0.002058s ]
INFO: [ view_template ] --END-- [ RunTime:0.002154s ]
INFO: [ view_parse ] --START--
INFO: Run ParseTemplate Behavior [ RunTime:0.014078s ]
INFO: [ view_parse ] --END-- [ RunTime:0.014187s ]
INFO: [ view_filter ] --START--
INFO: Run ContentReplace Behavior [ RunTime:0.001336s ]
INFO: Run TokenBuild Behavior [ RunTime:0.001319s ]
INFO: Run WriteHtmlCache Behavior [ RunTime:0.001155s ]
INFO: Run ShowRuntime Behavior [ RunTime:0.001535s ]
INFO: [ view_filter ] --END-- [ RunTime:0.005566s ]
INFO: [ view_end ] --START--
INFO: Run ShowPageTrace Behavior [ RunTime:0.001667s ]
INFO: [ view_end ] --END-- [ RunTime:0.001747s ]

[ 2012-11-28T10:03:57+08:00 ] 127.0.0.1 /google/
INFO: [ app_begin ] --START--
INFO: Run ReadHtmlCache Behavior [ RunTime:0.000785s ]
INFO: [ app_begin ] --END-- [ RunTime:0.000898s ]
INFO: [ view_template ] --START--
INFO: Run LocationTemplate Behavior [ RunTime:0.000509s ]
INFO: [ view_template ] --END-- [ RunTime:0.000602s ]
INFO: [ view_parse ] --START--
INFO: Run ParseTemplate Behavior [ RunTime:0.009809s ]
INFO: [ view_parse ] --END-- [ RunTime:0.009919s ]
INFO: [ view_filter ] --START--
INFO: Run ContentReplace Behavior [ RunTime:0.000468s ]
INFO: Run TokenBuild Behavior [ RunTime:0.000495s ]
INFO: Run WriteHtmlCache Behavior [ RunTime:0.000327s ]
INFO: Run ShowRuntime Behavior [ RunTime:0.000613s ]
INFO: [ view_filter ] --END-- [ RunTime:0.002114s ]
INFO: [ view_end ] --START--
INFO: Run ShowPageTrace Behavior [ RunTime:0.001140s ]
INFO: [ view_end ] --END-- [ RunTime:0.001225s ]

[ 2012-11-28T10:04:53+08:00 ] 127.0.0.1 /google/
INFO: [ app_begin ] --START--
INFO: Run ReadHtmlCache Behavior [ RunTime:0.002194s ]
INFO: [ app_begin ] --END-- [ RunTime:0.002335s ]
INFO: [ view_template ] --START--
INFO: Run LocationTemplate Behavior [ RunTime:0.005315s ]
INFO: [ view_template ] --END-- [ RunTime:0.005447s ]
INFO: [ view_parse ] --START--
INFO: Run ParseTemplate Behavior [ RunTime:0.019010s ]
INFO: [ view_parse ] --END-- [ RunTime:0.019126s ]
INFO: [ view_filter ] --START--
INFO: Run ContentReplace Behavior [ RunTime:0.001737s ]
INFO: Run TokenBuild Behavior [ RunTime:0.001499s ]
INFO: Run WriteHtmlCache Behavior [ RunTime:0.001278s ]
INFO: Run ShowRuntime Behavior [ RunTime:0.001587s ]
INFO: [ view_filter ] --END-- [ RunTime:0.006336s ]
INFO: [ view_end ] --START--
INFO: Run ShowPageTrace Behavior [ RunTime:0.002772s ]
INFO: [ view_end ] --END-- [ RunTime:0.002869s ]

[ 2012-11-28T10:05:10+08:00 ] 127.0.0.1 /google/
INFO: [ app_begin ] --START--
INFO: Run ReadHtmlCache Behavior [ RunTime:0.001263s ]
INFO: [ app_begin ] --END-- [ RunTime:0.001384s ]
INFO: [ view_template ] --START--
INFO: Run LocationTemplate Behavior [ RunTime:0.000495s ]
INFO: [ view_template ] --END-- [ RunTime:0.000586s ]
INFO: [ view_parse ] --START--
INFO: Run ParseTemplate Behavior [ RunTime:0.011248s ]
INFO: [ view_parse ] --END-- [ RunTime:0.011363s ]
INFO: [ view_filter ] --START--
INFO: Run ContentReplace Behavior [ RunTime:0.001311s ]
INFO: Run TokenBuild Behavior [ RunTime:0.000532s ]
INFO: Run WriteHtmlCache Behavior [ RunTime:0.000358s ]
INFO: Run ShowRuntime Behavior [ RunTime:0.000760s ]
INFO: [ view_filter ] --END-- [ RunTime:0.003187s ]
INFO: [ view_end ] --START--
INFO: Run ShowPageTrace Behavior [ RunTime:0.000823s ]
INFO: [ view_end ] --END-- [ RunTime:0.000903s ]

[ 2012-11-28T10:06:42+08:00 ] 127.0.0.1 /google/
INFO: [ app_begin ] --START--
INFO: Run ReadHtmlCache Behavior [ RunTime:0.001660s ]
INFO: [ app_begin ] --END-- [ RunTime:0.001784s ]
INFO: [ view_template ] --START--
INFO: Run LocationTemplate Behavior [ RunTime:0.003353s ]
INFO: [ view_template ] --END-- [ RunTime:0.003470s ]
INFO: [ view_parse ] --START--
INFO: Run ParseTemplate Behavior [ RunTime:0.014612s ]
INFO: [ view_parse ] --END-- [ RunTime:0.014723s ]
INFO: [ view_filter ] --START--
INFO: Run ContentReplace Behavior [ RunTime:0.001338s ]
INFO: Run TokenBuild Behavior [ RunTime:0.001348s ]
INFO: Run WriteHtmlCache Behavior [ RunTime:0.001211s ]
INFO: Run ShowRuntime Behavior [ RunTime:0.001629s ]
INFO: [ view_filter ] --END-- [ RunTime:0.005855s ]
INFO: [ view_end ] --START--
INFO: Run ShowPageTrace Behavior [ RunTime:0.001690s ]
INFO: [ view_end ] --END-- [ RunTime:0.001773s ]

[ 2012-11-28T10:06:57+08:00 ] 127.0.0.1 /google/
INFO: [ app_begin ] --START--
INFO: Run ReadHtmlCache Behavior [ RunTime:0.001781s ]
INFO: [ app_begin ] --END-- [ RunTime:0.001900s ]
INFO: [ view_template ] --START--
INFO: Run LocationTemplate Behavior [ RunTime:0.002280s ]
INFO: [ view_template ] --END-- [ RunTime:0.002380s ]
INFO: [ view_parse ] --START--
INFO: Run ParseTemplate Behavior [ RunTime:0.041382s ]
INFO: [ view_parse ] --END-- [ RunTime:0.041502s ]
INFO: [ view_filter ] --START--
INFO: Run ContentReplace Behavior [ RunTime:0.001803s ]
INFO: Run TokenBuild Behavior [ RunTime:0.001319s ]
INFO: Run WriteHtmlCache Behavior [ RunTime:0.001142s ]
INFO: Run ShowRuntime Behavior [ RunTime:0.001418s ]
INFO: [ view_filter ] --END-- [ RunTime:0.005902s ]
INFO: [ view_end ] --START--
INFO: Run ShowPageTrace Behavior [ RunTime:0.001880s ]
INFO: [ view_end ] --END-- [ RunTime:0.001968s ]

