[ 2012-11-20T15:45:39+08:00 ] 127.0.0.1 /googlE/
INFO: [ app_begin ] --START--
INFO: Run ReadHtmlCache Behavior [ RunTime:0.002640s ]
INFO: [ app_begin ] --END-- [ RunTime:0.002794s ]
INFO: [ view_template ] --START--
INFO: Run LocationTemplate Behavior [ RunTime:0.002518s ]
INFO: [ view_template ] --END-- [ RunTime:0.002645s ]
INFO: [ view_parse ] --START--
INFO: Run ParseTemplate Behavior [ RunTime:0.017360s ]
INFO: [ view_parse ] --END-- [ RunTime:0.017562s ]
INFO: [ view_filter ] --START--
INFO: Run ContentReplace Behavior [ RunTime:0.002059s ]
INFO: Run TokenBuild Behavior [ RunTime:0.002550s ]
INFO: Run WriteHtmlCache Behavior [ RunTime:0.002073s ]
INFO: Run ShowRuntime Behavior [ RunTime:0.002634s ]
INFO: [ view_filter ] --END-- [ RunTime:0.009596s ]
INFO: [ view_end ] --START--
INFO: Run ShowPageTrace Behavior [ RunTime:0.002646s ]
INFO: [ view_end ] --END-- [ RunTime:0.002736s ]

[ 2012-11-20T15:46:09+08:00 ] 127.0.0.1 /google/index.php
INFO: [ app_begin ] --START--
INFO: Run ReadHtmlCache Behavior [ RunTime:0.002395s ]
INFO: [ app_begin ] --END-- [ RunTime:0.002517s ]
INFO: [ view_template ] --START--
INFO: Run LocationTemplate Behavior [ RunTime:0.003414s ]
INFO: [ view_template ] --END-- [ RunTime:0.003531s ]
INFO: [ view_parse ] --START--
INFO: Run ParseTemplate Behavior [ RunTime:0.026272s ]
INFO: [ view_parse ] --END-- [ RunTime:0.026382s ]
INFO: [ view_filter ] --START--
INFO: Run ContentReplace Behavior [ RunTime:0.003626s ]
INFO: Run TokenBuild Behavior [ RunTime:0.002090s ]
INFO: Run WriteHtmlCache Behavior [ RunTime:0.002108s ]
INFO: Run ShowRuntime Behavior [ RunTime:0.004762s ]
INFO: [ view_filter ] --END-- [ RunTime:0.012880s ]
INFO: [ view_end ] --START--
INFO: Run ShowPageTrace Behavior [ RunTime:0.002735s ]
INFO: [ view_end ] --END-- [ RunTime:0.002840s ]

