[ 2012-12-27T09:06:05+08:00 ] 127.0.0.1 /
INFO: [ app_begin ] --START--
INFO: Run ReadHtmlCache Behavior [ RunTime:0.001661s ]
INFO: [ app_begin ] --END-- [ RunTime:0.001785s ]
INFO: [ view_template ] --START--
INFO: Run LocationTemplate Behavior [ RunTime:0.004351s ]
INFO: [ view_template ] --END-- [ RunTime:0.004536s ]
INFO: [ view_parse ] --START--
INFO: Run ParseTemplate Behavior [ RunTime:0.050062s ]
INFO: [ view_parse ] --END-- [ RunTime:0.050184s ]
INFO: [ view_filter ] --START--
INFO: Run ContentReplace Behavior [ RunTime:0.001257s ]
INFO: Run TokenBuild Behavior [ RunTime:0.001209s ]
INFO: Run WriteHtmlCache Behavior [ RunTime:0.001072s ]
INFO: Run ShowRuntime Behavior [ RunTime:0.001392s ]
INFO: [ view_filter ] --END-- [ RunTime:0.005148s ]
INFO: [ view_end ] --START--
INFO: Run ShowPageTrace Behavior [ RunTime:0.001894s ]
INFO: [ view_end ] --END-- [ RunTime:0.001985s ]

[ 2012-12-27T09:06:56+08:00 ] 127.0.0.1 /
INFO: [ app_begin ] --START--
INFO: Run ReadHtmlCache Behavior [ RunTime:0.000748s ]
INFO: [ app_begin ] --END-- [ RunTime:0.000857s ]
INFO: [ view_template ] --START--
INFO: Run LocationTemplate Behavior [ RunTime:0.000481s ]
INFO: [ view_template ] --END-- [ RunTime:0.000570s ]
INFO: [ view_parse ] --START--
INFO: Run ParseTemplate Behavior [ RunTime:0.010445s ]
INFO: [ view_parse ] --END-- [ RunTime:0.010567s ]
INFO: [ view_filter ] --START--
INFO: Run ContentReplace Behavior [ RunTime:0.000480s ]
INFO: Run TokenBuild Behavior [ RunTime:0.000468s ]
INFO: Run WriteHtmlCache Behavior [ RunTime:0.000318s ]
INFO: Run ShowRuntime Behavior [ RunTime:0.000610s ]
INFO: [ view_filter ] --END-- [ RunTime:0.002086s ]
INFO: [ view_end ] --START--
INFO: Run ShowPageTrace Behavior [ RunTime:0.000806s ]
INFO: [ view_end ] --END-- [ RunTime:0.000886s ]

